-------------------------------------------------------------------------------
Test set: com.proiect.licentam.services.UserServiceTest
-------------------------------------------------------------------------------
Tests run: 4, Failures: 0, Errors: 4, Skipped: 0, Time elapsed: 2.246 s <<< FAILURE! - in com.proiect.licentam.services.UserServiceTest
deleteOneUser  Time elapsed: 0.001 s  <<< ERROR!
java.lang.IllegalStateException: Failed to load ApplicationContext
Caused by: org.springframework.beans.factory.UnsatisfiedDependencyException: Error creating bean with name 'userControllerFX' defined in file [C:\Users\Alex\IdeaProjects\licentam\target\classes\com\proiect\licentam\fxController\UserControllerFX.class]: Unsatisfied dependency expressed through constructor parameter 0; nested exception is org.springframework.beans.factory.BeanCreationException: Error creating bean with name 'userService' defined in file [C:\Users\Alex\IdeaProjects\licentam\target\classes\com\proiect\licentam\services\UserService.class]: Instantiation of bean failed; nested exception is org.springframework.beans.BeanInstantiationException: Failed to instantiate [com.proiect.licentam.services.UserService]: Constructor threw exception; nested exception is java.lang.NullPointerException
Caused by: org.springframework.beans.factory.BeanCreationException: Error creating bean with name 'userService' defined in file [C:\Users\Alex\IdeaProjects\licentam\target\classes\com\proiect\licentam\services\UserService.class]: Instantiation of bean failed; nested exception is org.springframework.beans.BeanInstantiationException: Failed to instantiate [com.proiect.licentam.services.UserService]: Constructor threw exception; nested exception is java.lang.NullPointerException
Caused by: org.springframework.beans.BeanInstantiationException: Failed to instantiate [com.proiect.licentam.services.UserService]: Constructor threw exception; nested exception is java.lang.NullPointerException
Caused by: java.lang.NullPointerException

findAll  Time elapsed: 0 s  <<< ERROR!
java.lang.IllegalStateException: Failed to load ApplicationContext
Caused by: org.springframework.beans.factory.UnsatisfiedDependencyException: Error creating bean with name 'userControllerFX' defined in file [C:\Users\Alex\IdeaProjects\licentam\target\classes\com\proiect\licentam\fxController\UserControllerFX.class]: Unsatisfied dependency expressed through constructor parameter 0; nested exception is org.springframework.beans.factory.BeanCreationException: Error creating bean with name 'userService' defined in file [C:\Users\Alex\IdeaProjects\licentam\target\classes\com\proiect\licentam\services\UserService.class]: Instantiation of bean failed; nested exception is org.springframework.beans.BeanInstantiationException: Failed to instantiate [com.proiect.licentam.services.UserService]: Constructor threw exception; nested exception is java.lang.NullPointerException
Caused by: org.springframework.beans.factory.BeanCreationException: Error creating bean with name 'userService' defined in file [C:\Users\Alex\IdeaProjects\licentam\target\classes\com\proiect\licentam\services\UserService.class]: Instantiation of bean failed; nested exception is org.springframework.beans.BeanInstantiationException: Failed to instantiate [com.proiect.licentam.services.UserService]: Constructor threw exception; nested exception is java.lang.NullPointerException
Caused by: org.springframework.beans.BeanInstantiationException: Failed to instantiate [com.proiect.licentam.services.UserService]: Constructor threw exception; nested exception is java.lang.NullPointerException
Caused by: java.lang.NullPointerException

findOne  Time elapsed: 0 s  <<< ERROR!
java.lang.IllegalStateException: Failed to load ApplicationContext
Caused by: org.springframework.beans.factory.UnsatisfiedDependencyException: Error creating bean with name 'userControllerFX' defined in file [C:\Users\Alex\IdeaProjects\licentam\target\classes\com\proiect\licentam\fxController\UserControllerFX.class]: Unsatisfied dependency expressed through constructor parameter 0; nested exception is org.springframework.beans.factory.BeanCreationException: Error creating bean with name 'userService' defined in file [C:\Users\Alex\IdeaProjects\licentam\target\classes\com\proiect\licentam\services\UserService.class]: Instantiation of bean failed; nested exception is org.springframework.beans.BeanInstantiationException: Failed to instantiate [com.proiect.licentam.services.UserService]: Constructor threw exception; nested exception is java.lang.NullPointerException
Caused by: org.springframework.beans.factory.BeanCreationException: Error creating bean with name 'userService' defined in file [C:\Users\Alex\IdeaProjects\licentam\target\classes\com\proiect\licentam\services\UserService.class]: Instantiation of bean failed; nested exception is org.springframework.beans.BeanInstantiationException: Failed to instantiate [com.proiect.licentam.services.UserService]: Constructor threw exception; nested exception is java.lang.NullPointerException
Caused by: org.springframework.beans.BeanInstantiationException: Failed to instantiate [com.proiect.licentam.services.UserService]: Constructor threw exception; nested exception is java.lang.NullPointerException
Caused by: java.lang.NullPointerException

saveOneUser  Time elapsed: 0 s  <<< ERROR!
java.lang.IllegalStateException: Failed to load ApplicationContext
Caused by: org.springframework.beans.factory.UnsatisfiedDependencyException: Error creating bean with name 'userControllerFX' defined in file [C:\Users\Alex\IdeaProjects\licentam\target\classes\com\proiect\licentam\fxController\UserControllerFX.class]: Unsatisfied dependency expressed through constructor parameter 0; nested exception is org.springframework.beans.factory.BeanCreationException: Error creating bean with name 'userService' defined in file [C:\Users\Alex\IdeaProjects\licentam\target\classes\com\proiect\licentam\services\UserService.class]: Instantiation of bean failed; nested exception is org.springframework.beans.BeanInstantiationException: Failed to instantiate [com.proiect.licentam.services.UserService]: Constructor threw exception; nested exception is java.lang.NullPointerException
Caused by: org.springframework.beans.factory.BeanCreationException: Error creating bean with name 'userService' defined in file [C:\Users\Alex\IdeaProjects\licentam\target\classes\com\proiect\licentam\services\UserService.class]: Instantiation of bean failed; nested exception is org.springframework.beans.BeanInstantiationException: Failed to instantiate [com.proiect.licentam.services.UserService]: Constructor threw exception; nested exception is java.lang.NullPointerException
Caused by: org.springframework.beans.BeanInstantiationException: Failed to instantiate [com.proiect.licentam.services.UserService]: Constructor threw exception; nested exception is java.lang.NullPointerException
Caused by: java.lang.NullPointerException

