-------------------------------------------------------------------------------
Test set: com.proiect.licentam.LicentamApplicationTests
-------------------------------------------------------------------------------
Tests run: 1, Failures: 0, Errors: 1, Skipped: 0, Time elapsed: 4.311 s <<< FAILURE! - in com.proiect.licentam.LicentamApplicationTests
contextLoads  Time elapsed: 0.01 s  <<< ERROR!
java.lang.IllegalStateException: Failed to load ApplicationContext
Caused by: org.springframework.beans.factory.UnsatisfiedDependencyException: Error creating bean with name 'userControllerFX' defined in file [C:\Users\Alex\IdeaProjects\licentam\target\classes\com\proiect\licentam\fxController\UserControllerFX.class]: Unsatisfied dependency expressed through constructor parameter 0; nested exception is org.springframework.beans.factory.BeanCreationException: Error creating bean with name 'userService' defined in file [C:\Users\Alex\IdeaProjects\licentam\target\classes\com\proiect\licentam\services\UserService.class]: Instantiation of bean failed; nested exception is org.springframework.beans.BeanInstantiationException: Failed to instantiate [com.proiect.licentam.services.UserService]: Constructor threw exception; nested exception is java.lang.NullPointerException
Caused by: org.springframework.beans.factory.BeanCreationException: Error creating bean with name 'userService' defined in file [C:\Users\Alex\IdeaProjects\licentam\target\classes\com\proiect\licentam\services\UserService.class]: Instantiation of bean failed; nested exception is org.springframework.beans.BeanInstantiationException: Failed to instantiate [com.proiect.licentam.services.UserService]: Constructor threw exception; nested exception is java.lang.NullPointerException
Caused by: org.springframework.beans.BeanInstantiationException: Failed to instantiate [com.proiect.licentam.services.UserService]: Constructor threw exception; nested exception is java.lang.NullPointerException
Caused by: java.lang.NullPointerException

